Using pre-set license
Built from '2020.3/release' branch; Version is '2020.3.12f1 (b3b2c6512326) revision 11776710'; Using compiler version '192528614'; Build Type 'Release'
OS: 'Windows 10 Home; OS build 19043.1237; Version 2009; 64bit' Language: 'en' Physical Memory: 16024 MB
BatchMode: 1, IsHumanControllingUs: 0, StartBugReporterOnCrash: 0, Is64bit: 1, IsPro: 0

 COMMAND LINE ARGUMENTS:
C:\Program Files\Unity\Hub\Editor\2020.3.12f1\Editor\Unity.exe
-adb2
-batchMode
-noUpm
-name
AssetImportWorker0
-projectPath
C:/Users/Peer/Desktop/HKU jaar 2 2.0/Mixed reality keuze module/Dodge_This!/Dodge_This/Dodge_This!
-logFile
Logs/AssetImportWorker0.log
-srvPort
1043
Successfully changed project path to: C:/Users/Peer/Desktop/HKU jaar 2 2.0/Mixed reality keuze module/Dodge_This!/Dodge_This/Dodge_This!
C:/Users/Peer/Desktop/HKU jaar 2 2.0/Mixed reality keuze module/Dodge_This!/Dodge_This/Dodge_This!
Using Asset Import Pipeline V2.
Refreshing native plugins compatible for Editor in 50.70 ms, found 3 plugins.
Preloading 0 native plugins for Editor in 0.00 ms.
Initialize engine version: 2020.3.12f1 (b3b2c6512326)
[Subsystems] Discovering subsystems at path C:/Program Files/Unity/Hub/Editor/2020.3.12f1/Editor/Data/Resources/UnitySubsystems
[Subsystems] Discovering subsystems at path C:/Users/Peer/Desktop/HKU jaar 2 2.0/Mixed reality keuze module/Dodge_This!/Dodge_This/Dodge_This!/Assets
GfxDevice: creating device client; threaded=0
Direct3D:
    Version:  Direct3D 11.0 [level 11.1]
    Renderer: NVIDIA GeForce GTX 1050 Ti (ID=0x1c8c)
    Vendor:   
    VRAM:     4018 MB
    Driver:   27.21.14.5206
Initialize mono
Mono path[0] = 'C:/Program Files/Unity/Hub/Editor/2020.3.12f1/Editor/Data/Managed'
Mono path[1] = 'C:/Program Files/Unity/Hub/Editor/2020.3.12f1/Editor/Data/MonoBleedingEdge/lib/mono/unityjit'
Mono config path = 'C:/Program Files/Unity/Hub/Editor/2020.3.12f1/Editor/Data/MonoBleedingEdge/etc'
Using monoOptions --debugger-agent=transport=dt_socket,embedding=1,server=y,suspend=n,address=127.0.0.1:56656
Begin MonoManager ReloadAssembly
Registering precompiled unity dll's ...
Register platform support module: C:/Program Files/Unity/Hub/Editor/2020.3.12f1/Editor/Data/PlaybackEngines/WindowsStandaloneSupport/UnityEditor.WindowsStandalone.Extensions.dll
Registered in 0.003061 seconds.
Native extension for WindowsStandalone target not found
Refreshing native plugins compatible for Editor in 52.34 ms, found 3 plugins.
Preloading 0 native plugins for Editor in 0.00 ms.
Mono: successfully reloaded assembly
- Completed reload, in  3.702 seconds
Platform modules already initialized, skipping
Registering precompiled user dll's ...
Registered in 0.009729 seconds.
Begin MonoManager ReloadAssembly
Native extension for WindowsStandalone target not found
Refreshing native plugins compatible for Editor in 1.07 ms, found 3 plugins.
Preloading 0 native plugins for Editor in 0.00 ms.
Mono: successfully reloaded assembly
- Completed reload, in  1.795 seconds
Platform modules already initialized, skipping
========================================================================
Worker process is ready to serve import requests
Launched and connected shader compiler UnityShaderCompiler.exe after 0.08 seconds
Refreshing native plugins compatible for Editor in 0.52 ms, found 3 plugins.
Preloading 0 native plugins for Editor in 0.00 ms.
Unloading 1681 Unused Serialized files (Serialized files now loaded: 0)
System memory in use before: 76.2 MB.
System memory in use after: 76.3 MB.

Unloading 34 unused Assets to reduce memory usage. Loaded Objects now: 2114.
Total: 2.591500 ms (FindLiveObjects: 0.205100 ms CreateObjectMapping: 0.080000 ms MarkObjects: 2.199700 ms  DeleteObjects: 0.104800 ms)

AssetImportParameters requested are different than current active one (requested -> active):
  custom:framework-win-MediaFoundation: 216162199b28c13a410421893ffa2e32 -> 
  custom:video-decoder-ogg-theora: a1e56fd34408186e4bbccfd4996cb3dc -> 
  custom:container-muxer-webm: aa71ff27fc2769a1b78a27578f13a17b -> 
  custom:container-demuxer-webm: 4f35f7cbe854078d1ac9338744f61a02 -> 
  custom:container-demuxer-ogg: 62fdf1f143b41e24485cea50d1cbac27 -> 
  custom:video-encoder-webm-vp8: eb34c28f22e8b96e1ab97ce403110664 -> 
  custom:video-codec-MediaFoundation-h265: e54d7ab0439102e2317fc1e4b246158d -> 
  custom:video-decoder-webm-vp8: 9c59270c3fd7afecdb556c50c9e8de78 -> 
  custom:audio-decoder-ogg-vorbis: bf7c407c2cedff20999df2af8eb42d56 -> 
  custom:audio-encoder-webm-vorbis: bf7c407c2cedff20999df2af8eb42d56 -> 
========================================================================
Received Import Request.
  path: Assets/Samples/Cinemachine/2.8.1/Cinemachine Example Scenes/Shared/Materials/Ground.mat
  artifactKey: Guid(f993b29f4cc364a4eaf7bbf9086de313) Importer(815301076,1909f56bfc062723c751e8b465ee728b)
Start importing Assets/Samples/Cinemachine/2.8.1/Cinemachine Example Scenes/Shared/Materials/Ground.mat using Guid(f993b29f4cc364a4eaf7bbf9086de313) Importer(815301076,1909f56bfc062723c751e8b465ee728b)  -> (artifact id: 'b2c6cd6059f6ddc61942113fe1ebf1c8') in 0.193459 seconds 
  Import took 0.197812 seconds .

========================================================================
Received Import Request.
  Time since last request: 0.000215 seconds.
  path: Assets/Samples/Cinemachine/2.8.1/Cinemachine Example Scenes/Scenes/Anywhere Door/Materials/Pink.mat
  artifactKey: Guid(764fcb585f1f34a6da8ae3fca76c1261) Importer(815301076,1909f56bfc062723c751e8b465ee728b)
Start importing Assets/Samples/Cinemachine/2.8.1/Cinemachine Example Scenes/Scenes/Anywhere Door/Materials/Pink.mat using Guid(764fcb585f1f34a6da8ae3fca76c1261) Importer(815301076,1909f56bfc062723c751e8b465ee728b)  -> (artifact id: 'b8741526c7918aec1c79f0734d3e59c5') in 0.025574 seconds 
  Import took 0.029861 seconds .

========================================================================
Received Import Request.
  Time since last request: 0.000252 seconds.
  path: Assets/Samples/Cinemachine/2.8.1/Cinemachine Example Scenes/Shared/Materials/GridBox_Trigger.mat
  artifactKey: Guid(850a1a07bd7c8e24a8e518501c065b86) Importer(815301076,1909f56bfc062723c751e8b465ee728b)
Start importing Assets/Samples/Cinemachine/2.8.1/Cinemachine Example Scenes/Shared/Materials/GridBox_Trigger.mat using Guid(850a1a07bd7c8e24a8e518501c065b86) Importer(815301076,1909f56bfc062723c751e8b465ee728b)  -> (artifact id: 'cf22651ec1acd097a79b7bda24a200c4') in 0.024706 seconds 
  Import took 0.028498 seconds .

========================================================================
Received Import Request.
  Time since last request: 0.000199 seconds.
  path: Assets/Samples/Cinemachine/2.8.1/Cinemachine Example Scenes/Shared/Materials/Trigger.mat
  artifactKey: Guid(f5ec88a687cc6d9448380f21861d57ab) Importer(815301076,1909f56bfc062723c751e8b465ee728b)
Start importing Assets/Samples/Cinemachine/2.8.1/Cinemachine Example Scenes/Shared/Materials/Trigger.mat using Guid(f5ec88a687cc6d9448380f21861d57ab) Importer(815301076,1909f56bfc062723c751e8b465ee728b)  -> (artifact id: 'b49df3c2f9cb8cbff429f71bd1fba19f') in 0.023794 seconds 
  Import took 0.027791 seconds .

========================================================================
Received Import Request.
  Time since last request: 0.000228 seconds.
  path: Assets/Samples/Cinemachine/2.8.1/Cinemachine Example Scenes/Shared/Models/UnityCharacter/Models/Materials/DefaultMale_Mat.mat
  artifactKey: Guid(d7f8b496adee38e4a9edc877d5939f5b) Importer(815301076,1909f56bfc062723c751e8b465ee728b)
Start importing Assets/Samples/Cinemachine/2.8.1/Cinemachine Example Scenes/Shared/Models/UnityCharacter/Models/Materials/DefaultMale_Mat.mat using Guid(d7f8b496adee38e4a9edc877d5939f5b) Importer(815301076,1909f56bfc062723c751e8b465ee728b)  -> (artifact id: '7a695daa62fbb381360d8969d2cdb01e') in 0.025655 seconds 
  Import took 0.031643 seconds .

========================================================================
Received Import Request.
  Time since last request: 0.000221 seconds.
  path: Assets/Samples/Cinemachine/2.8.1/Cinemachine Example Scenes/Scenes/Anywhere Door/Materials/CAM1.mat
  artifactKey: Guid(e27c6515627c1451b9c20d5af1e8b528) Importer(815301076,1909f56bfc062723c751e8b465ee728b)
Start importing Assets/Samples/Cinemachine/2.8.1/Cinemachine Example Scenes/Scenes/Anywhere Door/Materials/CAM1.mat using Guid(e27c6515627c1451b9c20d5af1e8b528) Importer(815301076,1909f56bfc062723c751e8b465ee728b)  -> (artifact id: 'a8f1988558843746bbc3b0de45f67e42') in 0.026819 seconds 
  Import took 0.031882 seconds .

========================================================================
Received Import Request.
  Time since last request: 0.000282 seconds.
  path: Assets/Samples/Cinemachine/2.8.1/Cinemachine Example Scenes/Shared/Materials/Default_Prototype.mat
  artifactKey: Guid(55296d1b6ee54e14e8eb4648d4b448ee) Importer(815301076,1909f56bfc062723c751e8b465ee728b)
Start importing Assets/Samples/Cinemachine/2.8.1/Cinemachine Example Scenes/Shared/Materials/Default_Prototype.mat using Guid(55296d1b6ee54e14e8eb4648d4b448ee) Importer(815301076,1909f56bfc062723c751e8b465ee728b)  -> (artifact id: '39ee526fe1f7fc056de2b288c7f7d0ff') in 0.031499 seconds 
  Import took 0.034611 seconds .

========================================================================
Received Import Request.
  Time since last request: 0.000257 seconds.
  path: Assets/Samples/Cinemachine/2.8.1/Cinemachine Example Scenes/Shared/Materials/checkerboard.mat
  artifactKey: Guid(aea07daa020335f438315c12fb1afe47) Importer(815301076,1909f56bfc062723c751e8b465ee728b)
Start importing Assets/Samples/Cinemachine/2.8.1/Cinemachine Example Scenes/Shared/Materials/checkerboard.mat using Guid(aea07daa020335f438315c12fb1afe47) Importer(815301076,1909f56bfc062723c751e8b465ee728b)  -> (artifact id: '94623305e260c5a47743ac90ee644b67') in 0.022891 seconds 
  Import took 0.026738 seconds .

========================================================================
Received Import Request.
  Time since last request: 0.000214 seconds.
  path: Assets/Samples/Cinemachine/2.8.1/Cinemachine Example Scenes/Shared/Materials/RedThing.mat
  artifactKey: Guid(768ffdf2b6949054488c74579e87288b) Importer(815301076,1909f56bfc062723c751e8b465ee728b)
Start importing Assets/Samples/Cinemachine/2.8.1/Cinemachine Example Scenes/Shared/Materials/RedThing.mat using Guid(768ffdf2b6949054488c74579e87288b) Importer(815301076,1909f56bfc062723c751e8b465ee728b)  -> (artifact id: '868b81411752ae6d91adf64023d567a2') in 0.027132 seconds 
  Import took 0.030712 seconds .

========================================================================
Received Import Request.
  Time since last request: 0.000178 seconds.
  path: Assets/Samples/Cinemachine/2.8.1/Cinemachine Example Scenes/Shared/Materials/Default_Prototype_Blue.mat
  artifactKey: Guid(89db8b11e2538314a89bde42040c3c94) Importer(815301076,1909f56bfc062723c751e8b465ee728b)
Start importing Assets/Samples/Cinemachine/2.8.1/Cinemachine Example Scenes/Shared/Materials/Default_Prototype_Blue.mat using Guid(89db8b11e2538314a89bde42040c3c94) Importer(815301076,1909f56bfc062723c751e8b465ee728b)  -> (artifact id: '20c8d41f699919ebebb75f3d6c9a664d') in 0.026108 seconds 
  Import took 0.031242 seconds .

========================================================================
Received Import Request.
  Time since last request: 0.000191 seconds.
  path: Assets/Samples/Cinemachine/2.8.1/Cinemachine Example Scenes/Scenes/Anywhere Door/Materials/Green.mat
  artifactKey: Guid(53fb4968835b349fb81f8de35f2f5cc4) Importer(815301076,1909f56bfc062723c751e8b465ee728b)
Start importing Assets/Samples/Cinemachine/2.8.1/Cinemachine Example Scenes/Scenes/Anywhere Door/Materials/Green.mat using Guid(53fb4968835b349fb81f8de35f2f5cc4) Importer(815301076,1909f56bfc062723c751e8b465ee728b)  -> (artifact id: '28569cd0034c9e808a2ccf32bf2b3705') in 0.021698 seconds 
  Import took 0.025750 seconds .

========================================================================
Received Import Request.
  Time since last request: 0.000275 seconds.
  path: Assets/Samples/Cinemachine/2.8.1/Cinemachine Example Scenes/Scenes/Anywhere Door/Materials/Skybox_Mat.mat
  artifactKey: Guid(0ffaa0b7117ba8c47a9d05ae701d4b4d) Importer(815301076,1909f56bfc062723c751e8b465ee728b)
Start importing Assets/Samples/Cinemachine/2.8.1/Cinemachine Example Scenes/Scenes/Anywhere Door/Materials/Skybox_Mat.mat using Guid(0ffaa0b7117ba8c47a9d05ae701d4b4d) Importer(815301076,1909f56bfc062723c751e8b465ee728b)  -> (artifact id: '8f5ae99a1a3e81c2bd010083fc304549') in 0.030666 seconds 
  Import took 0.035245 seconds .

========================================================================
Received Import Request.
  Time since last request: 0.000316 seconds.
  path: Assets/Samples/Cinemachine/2.8.1/Cinemachine Example Scenes/Scenes/FadeOutNearbyObjects/FadeOut.mat
  artifactKey: Guid(c43213e1494d8486881b6aa626ebee03) Importer(815301076,1909f56bfc062723c751e8b465ee728b)
Start importing Assets/Samples/Cinemachine/2.8.1/Cinemachine Example Scenes/Scenes/FadeOutNearbyObjects/FadeOut.mat using Guid(c43213e1494d8486881b6aa626ebee03) Importer(815301076,1909f56bfc062723c751e8b465ee728b)  -> (artifact id: '16fe481385e17bbb3bdcdfc0b968e98a') in 0.027343 seconds 
  Import took 0.032715 seconds .

========================================================================
Received Import Request.
  Time since last request: 0.000281 seconds.
  path: Assets/Samples/Cinemachine/2.8.1/Cinemachine Example Scenes/Shared/Materials/Ground big.mat
  artifactKey: Guid(0e079ef97504e314080afe2ab2599e87) Importer(815301076,1909f56bfc062723c751e8b465ee728b)
Start importing Assets/Samples/Cinemachine/2.8.1/Cinemachine Example Scenes/Shared/Materials/Ground big.mat using Guid(0e079ef97504e314080afe2ab2599e87) Importer(815301076,1909f56bfc062723c751e8b465ee728b)  -> (artifact id: '49b5c8f14c5d6536e50d8b24db0743c1') in 0.023284 seconds 
  Import took 0.029320 seconds .

========================================================================
Received Import Request.
  Time since last request: 0.000305 seconds.
  path: Assets/Samples/Cinemachine/2.8.1/Cinemachine Example Scenes/Scenes/Anywhere Door/Materials/CAM2.mat
  artifactKey: Guid(1ef400092819e4ad0a2e285c635697a4) Importer(815301076,1909f56bfc062723c751e8b465ee728b)
Start importing Assets/Samples/Cinemachine/2.8.1/Cinemachine Example Scenes/Scenes/Anywhere Door/Materials/CAM2.mat using Guid(1ef400092819e4ad0a2e285c635697a4) Importer(815301076,1909f56bfc062723c751e8b465ee728b)  -> (artifact id: '5cc1a61913a3d50e3d4c15489296eff4') in 0.022251 seconds 
  Import took 0.026210 seconds .

========================================================================
Received Prepare
Registering precompiled user dll's ...
Registered in 0.010236 seconds.
Begin MonoManager ReloadAssembly
Native extension for WindowsStandalone target not found
Refreshing native plugins compatible for Editor in 0.96 ms, found 3 plugins.
Preloading 0 native plugins for Editor in 0.00 ms.
Mono: successfully reloaded assembly
- Completed reload, in  1.262 seconds
Platform modules already initialized, skipping
Refreshing native plugins compatible for Editor in 0.38 ms, found 3 plugins.
Preloading 0 native plugins for Editor in 0.00 ms.
Unloading 1672 Unused Serialized files (Serialized files now loaded: 0)
System memory in use before: 79.2 MB.
System memory in use after: 79.3 MB.

Unloading 29 unused Assets to reduce memory usage. Loaded Objects now: 2157.
Total: 3.594000 ms (FindLiveObjects: 0.174400 ms CreateObjectMapping: 0.053800 ms MarkObjects: 3.310800 ms  DeleteObjects: 0.053500 ms)

AssetImportParameters requested are different than current active one (requested -> active):
  custom:framework-win-MediaFoundation: 216162199b28c13a410421893ffa2e32 -> 
  custom:video-decoder-ogg-theora: a1e56fd34408186e4bbccfd4996cb3dc -> 
  custom:container-muxer-webm: aa71ff27fc2769a1b78a27578f13a17b -> 
  custom:container-demuxer-webm: 4f35f7cbe854078d1ac9338744f61a02 -> 
  custom:container-demuxer-ogg: 62fdf1f143b41e24485cea50d1cbac27 -> 
  custom:video-encoder-webm-vp8: eb34c28f22e8b96e1ab97ce403110664 -> 
  custom:video-codec-MediaFoundation-h265: e54d7ab0439102e2317fc1e4b246158d -> 
  custom:video-decoder-webm-vp8: 9c59270c3fd7afecdb556c50c9e8de78 -> 
  custom:audio-decoder-ogg-vorbis: bf7c407c2cedff20999df2af8eb42d56 -> 
  custom:audio-encoder-webm-vorbis: bf7c407c2cedff20999df2af8eb42d56 -> 
========================================================================
Received Prepare
Registering precompiled user dll's ...
Registered in 0.006302 seconds.
Begin MonoManager ReloadAssembly
Native extension for WindowsStandalone target not found
Refreshing native plugins compatible for Editor in 0.87 ms, found 3 plugins.
Preloading 0 native plugins for Editor in 0.00 ms.
Mono: successfully reloaded assembly
- Completed reload, in  1.451 seconds
Platform modules already initialized, skipping
Refreshing native plugins compatible for Editor in 0.39 ms, found 3 plugins.
Preloading 0 native plugins for Editor in 0.00 ms.
Unloading 1672 Unused Serialized files (Serialized files now loaded: 0)
System memory in use before: 79.2 MB.
System memory in use after: 79.3 MB.

Unloading 29 unused Assets to reduce memory usage. Loaded Objects now: 2160.
Total: 2.512000 ms (FindLiveObjects: 0.179700 ms CreateObjectMapping: 0.053500 ms MarkObjects: 2.238300 ms  DeleteObjects: 0.039500 ms)

AssetImportParameters requested are different than current active one (requested -> active):
  custom:framework-win-MediaFoundation: 216162199b28c13a410421893ffa2e32 -> 
  custom:video-decoder-ogg-theora: a1e56fd34408186e4bbccfd4996cb3dc -> 
  custom:container-muxer-webm: aa71ff27fc2769a1b78a27578f13a17b -> 
  custom:container-demuxer-webm: 4f35f7cbe854078d1ac9338744f61a02 -> 
  custom:container-demuxer-ogg: 62fdf1f143b41e24485cea50d1cbac27 -> 
  custom:video-encoder-webm-vp8: eb34c28f22e8b96e1ab97ce403110664 -> 
  custom:video-codec-MediaFoundation-h265: e54d7ab0439102e2317fc1e4b246158d -> 
  custom:video-decoder-webm-vp8: 9c59270c3fd7afecdb556c50c9e8de78 -> 
  custom:audio-decoder-ogg-vorbis: bf7c407c2cedff20999df2af8eb42d56 -> 
  custom:audio-encoder-webm-vorbis: bf7c407c2cedff20999df2af8eb42d56 -> 
========================================================================
Received Prepare
Registering precompiled user dll's ...
Registered in 0.006197 seconds.
Begin MonoManager ReloadAssembly
Native extension for WindowsStandalone target not found
Refreshing native plugins compatible for Editor in 0.50 ms, found 3 plugins.
Preloading 0 native plugins for Editor in 0.00 ms.
Mono: successfully reloaded assembly
- Completed reload, in  1.487 seconds
Platform modules already initialized, skipping
Refreshing native plugins compatible for Editor in 0.41 ms, found 3 plugins.
Preloading 0 native plugins for Editor in 0.00 ms.
Unloading 1672 Unused Serialized files (Serialized files now loaded: 0)
System memory in use before: 79.3 MB.
System memory in use after: 79.4 MB.

Unloading 29 unused Assets to reduce memory usage. Loaded Objects now: 2163.
Total: 2.320200 ms (FindLiveObjects: 0.208100 ms CreateObjectMapping: 0.063500 ms MarkObjects: 1.999600 ms  DeleteObjects: 0.047900 ms)

AssetImportParameters requested are different than current active one (requested -> active):
  custom:framework-win-MediaFoundation: 216162199b28c13a410421893ffa2e32 -> 
  custom:video-decoder-ogg-theora: a1e56fd34408186e4bbccfd4996cb3dc -> 
  custom:container-muxer-webm: aa71ff27fc2769a1b78a27578f13a17b -> 
  custom:container-demuxer-webm: 4f35f7cbe854078d1ac9338744f61a02 -> 
  custom:container-demuxer-ogg: 62fdf1f143b41e24485cea50d1cbac27 -> 
  custom:video-encoder-webm-vp8: eb34c28f22e8b96e1ab97ce403110664 -> 
  custom:video-codec-MediaFoundation-h265: e54d7ab0439102e2317fc1e4b246158d -> 
  custom:video-decoder-webm-vp8: 9c59270c3fd7afecdb556c50c9e8de78 -> 
  custom:audio-decoder-ogg-vorbis: bf7c407c2cedff20999df2af8eb42d56 -> 
  custom:audio-encoder-webm-vorbis: bf7c407c2cedff20999df2af8eb42d56 -> 
========================================================================
Received Prepare
Registering precompiled user dll's ...
Registered in 0.013990 seconds.
Begin MonoManager ReloadAssembly
Native extension for WindowsStandalone target not found
Refreshing native plugins compatible for Editor in 0.43 ms, found 3 plugins.
Preloading 0 native plugins for Editor in 0.00 ms.
Mono: successfully reloaded assembly
- Completed reload, in  2.502 seconds
Platform modules already initialized, skipping
Refreshing native plugins compatible for Editor in 0.49 ms, found 3 plugins.
Preloading 0 native plugins for Editor in 0.00 ms.
Unloading 1672 Unused Serialized files (Serialized files now loaded: 0)
System memory in use before: 79.3 MB.
System memory in use after: 79.4 MB.

Unloading 29 unused Assets to reduce memory usage. Loaded Objects now: 2166.
Total: 3.596600 ms (FindLiveObjects: 0.193100 ms CreateObjectMapping: 0.127800 ms MarkObjects: 3.234900 ms  DeleteObjects: 0.037800 ms)

AssetImportParameters requested are different than current active one (requested -> active):
  custom:framework-win-MediaFoundation: 216162199b28c13a410421893ffa2e32 -> 
  custom:video-decoder-ogg-theora: a1e56fd34408186e4bbccfd4996cb3dc -> 
  custom:container-muxer-webm: aa71ff27fc2769a1b78a27578f13a17b -> 
  custom:container-demuxer-webm: 4f35f7cbe854078d1ac9338744f61a02 -> 
  custom:container-demuxer-ogg: 62fdf1f143b41e24485cea50d1cbac27 -> 
  custom:video-encoder-webm-vp8: eb34c28f22e8b96e1ab97ce403110664 -> 
  custom:video-codec-MediaFoundation-h265: e54d7ab0439102e2317fc1e4b246158d -> 
  custom:video-decoder-webm-vp8: 9c59270c3fd7afecdb556c50c9e8de78 -> 
  custom:audio-decoder-ogg-vorbis: bf7c407c2cedff20999df2af8eb42d56 -> 
  custom:audio-encoder-webm-vorbis: bf7c407c2cedff20999df2af8eb42d56 -> 
AssetImportWorkerClient::OnTransportError - code=2 error=End of file
